Base path: C:/Program Files (x86)/Unity 461p5/Editor/Data
Pipe name: \\.\pipe\UnityShaderCompiler-1-6032
Cmd: getPlatforms
Cmd: preprocess
  insize=1563 outsize=691 ok=1
Cmd: compileSnippet
  api=4 type=0 insize=1171 outsize=1193 kw= ok=1
Cmd: compileSnippet
  api=4 type=1 insize=1171 outsize=1778 kw= ok=1
Cmd: preprocess
  insize=2021 outsize=695 ok=1
Cmd: compileSnippet
  api=4 type=0 insize=1627 outsize=1193 kw= ok=1
Cmd: compileSnippet
  api=4 type=1 insize=1627 outsize=4548 kw= ok=1
Cmd: preprocess
  insize=3359 outsize=752 ok=1
Cmd: compileSnippet
  api=4 type=0 insize=2908 outsize=1193 kw= ok=1
Cmd: compileSnippet
  api=4 type=1 insize=2908 outsize=7733 kw= ok=1
Cmd: preprocess
  insize=2720 outsize=663 ok=1
Cmd: compileSnippet
  api=4 type=0 insize=2357 outsize=1193 kw= ok=1
Cmd: compileSnippet
  api=4 type=1 insize=2357 outsize=2980 kw= ok=1
Cmd: preprocess
  insize=2731 outsize=808 ok=1
Cmd: compileSnippet
  api=4 type=0 insize=2224 outsize=1502 kw= ok=1
Cmd: compileSnippet
  api=4 type=1 insize=2224 outsize=6019 kw= ok=1
Cmd: preprocess
  insize=1200 outsize=603 ok=1
Cmd: compileSnippet
  api=4 type=0 insize=896 outsize=1193 kw= ok=1
Cmd: compileSnippet
  api=4 type=1 insize=896 outsize=917 kw= ok=1
Cmd: preprocess
  insize=1332 outsize=659 ok=1
Cmd: compileSnippet
  api=4 type=0 insize=972 outsize=1193 kw= ok=1
Cmd: compileSnippet
  api=4 type=1 insize=972 outsize=1079 kw= ok=1
Cmd: preprocess
  insize=3111 outsize=712 ok=1
Cmd: compileSnippet
  api=4 type=0 insize=2700 outsize=1193 kw= ok=1
Cmd: compileSnippet
  api=4 type=1 insize=2700 outsize=7205 kw= ok=1
Cmd: preprocess
  insize=1372 outsize=733 ok=1
Cmd: compileSnippet
  api=4 type=0 insize=938 outsize=1193 kw= ok=1
Cmd: compileSnippet
  api=4 type=1 insize=938 outsize=1112 kw= ok=1
Cmd: preprocess
  insize=1367 outsize=728 ok=1
Cmd: preprocess
  insize=2057 outsize=657 ok=1
Cmd: compileSnippet
  api=4 type=0 insize=1699 outsize=1193 kw= ok=1
Cmd: compileSnippet
  api=4 type=1 insize=1699 outsize=1201 kw= ok=1
Cmd: preprocess
  insize=2124 outsize=877 ok=1
Cmd: compileSnippet
  api=4 type=0 insize=1547 outsize=1193 kw= ok=1
Cmd: compileSnippet
  api=4 type=1 insize=1547 outsize=3248 kw= ok=1
Cmd: preprocess
  insize=1721 outsize=788 ok=1
Cmd: compileSnippet
  api=4 type=0 insize=1232 outsize=1193 kw= ok=1
Cmd: compileSnippet
  api=4 type=1 insize=1232 outsize=1493 kw= ok=1
Cmd: preprocess
  insize=1944 outsize=796 ok=1
Cmd: compileSnippet
  api=4 type=0 insize=1447 outsize=1193 kw= ok=1
Cmd: compileSnippet
  api=4 type=1 insize=1447 outsize=2769 kw= ok=1
Cmd: preprocess
  insize=2375 outsize=1001 ok=1
Cmd: compileSnippet
  api=4 type=0 insize=1675 outsize=1193 kw= ok=1
Cmd: compileSnippet
  api=4 type=1 insize=1675 outsize=4158 kw= ok=1
Cmd: preprocess
  insize=2025 outsize=659 ok=1
Cmd: compileSnippet
  api=4 type=0 insize=1665 outsize=1193 kw= ok=1
Cmd: compileSnippet
  api=4 type=1 insize=1665 outsize=2135 kw= ok=1
Cmd: preprocess
  insize=1925 outsize=757 ok=1
Cmd: compileSnippet
  api=4 type=0 insize=1469 outsize=1193 kw= ok=1
Cmd: compileSnippet
  api=4 type=1 insize=1469 outsize=1802 kw= ok=1
Cmd: preprocess
  insize=1456 outsize=656 ok=1
Cmd: compileSnippet
  api=4 type=0 insize=1099 outsize=1193 kw= ok=1
Cmd: compileSnippet
  api=4 type=1 insize=1099 outsize=1233 kw= ok=1
Cmd: preprocess
  insize=2816 outsize=725 ok=1
Cmd: compileSnippet
  api=4 type=0 insize=2392 outsize=1193 kw= ok=1
Cmd: compileSnippet
  api=4 type=1 insize=2392 outsize=9131 kw= ok=1
Cmd: preprocess
  insize=1360 outsize=667 ok=1
Cmd: compileSnippet
  api=4 type=0 insize=992 outsize=1193 kw= ok=1
Cmd: compileSnippet
  api=4 type=1 insize=992 outsize=1120 kw= ok=1
Cmd: preprocess
  insize=2738 outsize=812 ok=1
Cmd: compileSnippet
  api=4 type=0 insize=2225 outsize=1502 kw= ok=1
Cmd: compileSnippet
  api=4 type=1 insize=2225 outsize=6027 kw= ok=1
Cmd: preprocess
  insize=2184 outsize=662 ok=1
Cmd: compileSnippet
  api=4 type=0 insize=1822 outsize=1193 kw= ok=1
Cmd: compileSnippet
  api=4 type=1 insize=1822 outsize=2712 kw= ok=1
Cmd: preprocess
  insize=1500 outsize=752 ok=1
Cmd: compileSnippet
  api=4 type=0 insize=1047 outsize=1193 kw= ok=1
Cmd: compileSnippet
  api=4 type=1 insize=1047 outsize=900 kw= ok=1
Cmd: preprocess
  insize=1853 outsize=815 ok=1
Cmd: compileSnippet
  api=4 type=0 insize=1338 outsize=1193 kw= ok=1
Cmd: compileSnippet
  api=4 type=1 insize=1338 outsize=2338 kw= ok=1
Cmd: preprocess
  insize=1968 outsize=659 ok=1
Cmd: compileSnippet
  api=4 type=0 insize=1608 outsize=1193 kw= ok=1
Cmd: compileSnippet
  api=4 type=1 insize=1608 outsize=1307 kw= ok=1
Cmd: preprocess
  insize=1873 outsize=659 ok=1
Cmd: compileSnippet
  api=4 type=0 insize=1513 outsize=1193 kw= ok=1
Cmd: compileSnippet
  api=4 type=1 insize=1513 outsize=2533 kw= ok=1
Cmd: preprocess
  insize=1475 outsize=663 ok=1
Cmd: compileSnippet
  api=4 type=0 insize=1110 outsize=1193 kw= ok=1
Cmd: compileSnippet
  api=4 type=1 insize=1110 outsize=1388 kw= ok=1
Cmd: preprocess
  insize=1768 outsize=657 ok=1
Cmd: compileSnippet
  api=4 type=0 insize=1410 outsize=1193 kw= ok=1
Cmd: compileSnippet
  api=4 type=1 insize=1410 outsize=2306 kw= ok=1
Cmd: preprocess
  insize=1342 outsize=648 ok=1
Cmd: compileSnippet
  api=4 type=0 insize=993 outsize=1193 kw= ok=1
Cmd: compileSnippet
  api=4 type=1 insize=993 outsize=1144 kw= ok=1
Cmd: preprocess
  insize=2375 outsize=1005 ok=1
Cmd: compileSnippet
  api=4 type=0 insize=1671 outsize=1193 kw= ok=1
Cmd: compileSnippet
  api=4 type=1 insize=1671 outsize=4191 kw= ok=1
Cmd: preprocess
  insize=1376 outsize=660 ok=1
Cmd: compileSnippet
  api=4 type=0 insize=1015 outsize=1193 kw= ok=1
Cmd: compileSnippet
  api=4 type=1 insize=1015 outsize=1120 kw= ok=1
Cmd: preprocess
  insize=2327 outsize=767 ok=1
Cmd: compileSnippet
  api=4 type=0 insize=1861 outsize=1193 kw= ok=1
Cmd: compileSnippet
  api=4 type=1 insize=1861 outsize=5889 kw= ok=1
Cmd: preprocess
  insize=1272 outsize=647 ok=1
Cmd: compileSnippet
  api=4 type=0 insize=924 outsize=1193 kw= ok=1
Cmd: compileSnippet
  api=4 type=1 insize=924 outsize=868 kw= ok=1
Cmd: preprocess
  insize=2317 outsize=791 ok=1
Cmd: compileSnippet
  api=4 type=0 insize=1827 outsize=1193 kw= ok=1
Cmd: compileSnippet
  api=4 type=1 insize=1827 outsize=3354 kw= ok=1
Cmd: preprocess
  insize=1623 outsize=696 ok=1
Cmd: compileSnippet
  api=4 type=0 insize=1225 outsize=1193 kw= ok=1
Cmd: compileSnippet
  api=4 type=1 insize=1225 outsize=1875 kw= ok=1
Cmd: preprocess
  insize=2188 outsize=723 ok=1
Cmd: compileSnippet
  api=4 type=0 insize=1765 outsize=1193 kw= ok=1
Cmd: compileSnippet
  api=4 type=1 insize=1765 outsize=2639 kw= ok=1
Cmd: preprocess
  insize=1596 outsize=854 ok=1
Cmd: compileSnippet
  api=4 type=0 insize=1041 outsize=1664 kw= ok=1
Cmd: compileSnippet
  api=4 type=1 insize=1041 outsize=917 kw= ok=1
Cmd: preprocess
  insize=2007 outsize=709 ok=1
Cmd: compileSnippet
  api=4 type=0 insize=1598 outsize=1193 kw= ok=1
Cmd: compileSnippet
  api=4 type=1 insize=1598 outsize=3005 kw= ok=1
Cmd: preprocess
  insize=2474 outsize=859 ok=1
Cmd: compileSnippet
  api=4 type=0 insize=1916 outsize=1193 kw= ok=1
Cmd: compileSnippet
  api=4 type=1 insize=1916 outsize=3443 kw= ok=1
Cmd: preprocess
  insize=2216 outsize=1010 ok=1
Cmd: compileSnippet
  api=4 type=0 insize=1507 outsize=1193 kw= ok=1
Cmd: compileSnippet
  api=4 type=1 insize=1507 outsize=4418 kw= ok=1
Cmd: preprocess
  insize=2211 outsize=769 ok=1
Cmd: compileSnippet
  api=4 type=0 insize=1742 outsize=1193 kw= ok=1
Cmd: compileSnippet
  api=4 type=1 insize=1742 outsize=3175 kw= ok=1
Cmd: preprocess
  insize=1529 outsize=808 ok=1
Cmd: compileSnippet
  api=4 type=0 insize=1020 outsize=1193 kw= ok=1
Cmd: compileSnippet
  api=4 type=1 insize=1020 outsize=1185 kw= ok=1
Cmd: preprocess
  insize=1534 outsize=690 ok=1
Cmd: compileSnippet
  api=4 type=0 insize=1143 outsize=1193 kw= ok=1
Cmd: compileSnippet
  api=4 type=1 insize=1143 outsize=1648 kw= ok=1
Cmd: preprocess
  insize=2172 outsize=880 ok=1
Cmd: compileSnippet
  api=4 type=0 insize=1593 outsize=1193 kw= ok=1
Cmd: compileSnippet
  api=4 type=1 insize=1593 outsize=3159 kw= ok=1
Cmd: preprocess
  insize=2289 outsize=655 ok=1
Cmd: compileSnippet
  api=4 type=0 insize=1933 outsize=1193 kw= ok=1
Cmd: compileSnippet
  api=4 type=1 insize=1933 outsize=2972 kw= ok=1
Cmd: preprocess
  insize=1884 outsize=666 ok=1
Cmd: compileSnippet
  api=4 type=0 insize=1519 outsize=1193 kw= ok=1
Cmd: compileSnippet
  api=4 type=1 insize=1519 outsize=2582 kw= ok=1
Cmd: preprocess
  insize=2073 outsize=758 ok=1
Cmd: compileSnippet
  api=4 type=0 insize=1616 outsize=1193 kw= ok=1
Cmd: compileSnippet
  api=4 type=1 insize=1616 outsize=2460 kw= ok=1
Cmd: preprocess
  insize=2045 outsize=736 ok=1
Cmd: compileSnippet
  api=4 type=0 insize=1610 outsize=1193 kw= ok=1
Cmd: compileSnippet
  api=4 type=1 insize=1610 outsize=4272 kw= ok=1
Cmd: preprocess
  insize=2194 outsize=877 ok=1
Cmd: compileSnippet
  api=4 type=0 insize=1618 outsize=1193 kw= ok=1
Cmd: compileSnippet
  api=4 type=1 insize=1618 outsize=3248 kw= ok=1
Cmd: preprocess
  insize=2475 outsize=1004 ok=1
Cmd: compileSnippet
  api=4 type=0 insize=1772 outsize=1193 kw= ok=1
Cmd: compileSnippet
  api=4 type=1 insize=1772 outsize=4435 kw= ok=1
Cmd: preprocess
  insize=2283 outsize=658 ok=1
Cmd: compileSnippet
  api=4 type=0 insize=1926 outsize=1193 kw= ok=1
Cmd: compileSnippet
  api=4 type=1 insize=1926 outsize=3907 kw= ok=1
Cmd: preprocess
  insize=1762 outsize=704 ok=1
Cmd: compileSnippet
  api=4 type=0 insize=1357 outsize=1193 kw= ok=1
Cmd: compileSnippet
  api=4 type=1 insize=1357 outsize=1900 kw= ok=1
Cmd: preprocess
  insize=1997 outsize=820 ok=1
Cmd: compileSnippet
  api=4 type=0 insize=1476 outsize=1193 kw= ok=1
Cmd: compileSnippet
  api=4 type=1 insize=1476 outsize=2444 kw= ok=1
Cmd: preprocess
  insize=1595 outsize=772 ok=1
Cmd: compileSnippet
  api=4 type=0 insize=1122 outsize=1193 kw= ok=1
Cmd: compileSnippet
  api=4 type=1 insize=1122 outsize=1307 kw= ok=1
Cmd: preprocess
  insize=2461 outsize=795 ok=1
Cmd: compileSnippet
  api=4 type=0 insize=1967 outsize=1193 kw= ok=1
Cmd: compileSnippet
  api=4 type=1 insize=1967 outsize=3703 kw= ok=1
Cmd: preprocess
  insize=2282 outsize=621 ok=1
Cmd: compileSnippet
  api=4 type=0 insize=1961 outsize=1193 kw= ok=1
Cmd: compileSnippet
  api=4 type=1 insize=1961 outsize=4695 kw= ok=1
Cmd: preprocess
  insize=3023 outsize=661 ok=1
Cmd: compileSnippet
  api=4 type=0 insize=2663 outsize=1193 kw= ok=1
Cmd: compileSnippet
  api=4 type=1 insize=2663 outsize=3939 kw= ok=1
Cmd: preprocess
  insize=3105 outsize=726 ok=1
Cmd: compileSnippet
  api=4 type=0 insize=2680 outsize=1193 kw= ok=1
Cmd: compileSnippet
  api=4 type=1 insize=2680 outsize=7205 kw= ok=1
Cmd: preprocess
  insize=2214 outsize=1014 ok=1
Cmd: compileSnippet
  api=4 type=0 insize=1501 outsize=1193 kw= ok=1
Cmd: compileSnippet
  api=4 type=1 insize=1501 outsize=3582 kw= ok=1
Cmd: preprocess
  insize=3390 outsize=765 ok=1
Cmd: compileSnippet
  api=4 type=0 insize=2925 outsize=1193 kw= ok=1
Cmd: compileSnippet
  api=4 type=1 insize=2925 outsize=8083 kw= ok=1
Cmd: preprocess
  insize=3063 outsize=659 ok=1
Cmd: compileSnippet
  api=4 type=0 insize=2705 outsize=1193 kw= ok=1
Cmd: compileSnippet
  api=4 type=1 insize=2705 outsize=3842 kw= ok=1
Cmd: preprocess
  insize=3023 outsize=659 ok=1
Cmd: compileSnippet
  api=4 type=0 insize=2665 outsize=1193 kw= ok=1
Cmd: compileSnippet
  api=4 type=1 insize=2665 outsize=4085 kw= ok=1
Cmd: preprocess
  insize=1629 outsize=772 ok=1
Cmd: compileSnippet
  api=4 type=0 insize=1156 outsize=1193 kw= ok=1
Cmd: compileSnippet
  api=4 type=1 insize=1156 outsize=1575 kw= ok=1
Cmd: preprocess
  insize=2211 outsize=728 ok=1
Cmd: compileSnippet
  api=4 type=0 insize=1784 outsize=1193 kw= ok=1
Cmd: compileSnippet
  api=4 type=1 insize=1784 outsize=2615 kw= ok=1
Cmd: preprocess
  insize=2257 outsize=725 ok=1
Cmd: compileSnippet
  api=4 type=0 insize=1833 outsize=1193 kw= ok=1
Cmd: compileSnippet
  api=4 type=1 insize=1833 outsize=3703 kw= ok=1
